<?xml version="1.0" encoding="UTF-8"?>
<testsuite xmlns:xsi="http://www.w3.org/2001/XMLSchema-instance" xsi:noNamespaceSchemaLocation="https://maven.apache.org/surefire/maven-surefire-plugin/xsd/surefire-test-report-3.0.xsd" version="3.0" name="fr.istic.vv.StringUtilsTest" time="0.105" tests="18" errors="0" skipped="0" failures="0">
  <properties>
    <property name="java.specification.version" value="17"/>
    <property name="sun.jnu.encoding" value="UTF-8"/>
    <property name="java.class.path" value="/home/yehidjineri/Documents/M2/V&amp;V/VV-ISTIC-TP3/code/tp3-balanced-strings/target/test-classes:/home/yehidjineri/Documents/M2/V&amp;V/VV-ISTIC-TP3/code/tp3-balanced-strings/target/classes:/home/yehidjineri/.m2/repository/org/junit/jupiter/junit-jupiter/5.6.2/junit-jupiter-5.6.2.jar:/home/yehidjineri/.m2/repository/org/junit/jupiter/junit-jupiter-api/5.6.2/junit-jupiter-api-5.6.2.jar:/home/yehidjineri/.m2/repository/org/apiguardian/apiguardian-api/1.1.0/apiguardian-api-1.1.0.jar:/home/yehidjineri/.m2/repository/org/opentest4j/opentest4j/1.2.0/opentest4j-1.2.0.jar:/home/yehidjineri/.m2/repository/org/junit/platform/junit-platform-commons/1.6.2/junit-platform-commons-1.6.2.jar:/home/yehidjineri/.m2/repository/org/junit/jupiter/junit-jupiter-params/5.6.2/junit-jupiter-params-5.6.2.jar:/home/yehidjineri/.m2/repository/org/junit/jupiter/junit-jupiter-engine/5.6.2/junit-jupiter-engine-5.6.2.jar:/home/yehidjineri/.m2/repository/org/junit/platform/junit-platform-engine/1.6.2/junit-platform-engine-1.6.2.jar:"/>
    <property name="java.vm.vendor" value="Private Build"/>
    <property name="sun.arch.data.model" value="64"/>
    <property name="java.vendor.url" value="Unknown"/>
    <property name="os.name" value="Linux"/>
    <property name="java.vm.specification.version" value="17"/>
    <property name="sun.java.launcher" value="SUN_STANDARD"/>
    <property name="user.country" value="US"/>
    <property name="sun.boot.library.path" value="/usr/lib/jvm/java-17-openjdk-amd64/lib"/>
    <property name="sun.java.command" value="/home/yehidjineri/Documents/M2/V&amp;V/VV-ISTIC-TP3/code/tp3-balanced-strings/target/surefire/surefirebooter6308482445998511156.jar /home/yehidjineri/Documents/M2/V&amp;V/VV-ISTIC-TP3/code/tp3-balanced-strings/target/surefire 2023-03-09T17-46-44_132-jvmRun1 surefire10990826679500830311tmp surefire_03888292780352308131tmp"/>
    <property name="jdk.debug" value="release"/>
    <property name="surefire.test.class.path" value="/home/yehidjineri/Documents/M2/V&amp;V/VV-ISTIC-TP3/code/tp3-balanced-strings/target/test-classes:/home/yehidjineri/Documents/M2/V&amp;V/VV-ISTIC-TP3/code/tp3-balanced-strings/target/classes:/home/yehidjineri/.m2/repository/org/junit/jupiter/junit-jupiter/5.6.2/junit-jupiter-5.6.2.jar:/home/yehidjineri/.m2/repository/org/junit/jupiter/junit-jupiter-api/5.6.2/junit-jupiter-api-5.6.2.jar:/home/yehidjineri/.m2/repository/org/apiguardian/apiguardian-api/1.1.0/apiguardian-api-1.1.0.jar:/home/yehidjineri/.m2/repository/org/opentest4j/opentest4j/1.2.0/opentest4j-1.2.0.jar:/home/yehidjineri/.m2/repository/org/junit/platform/junit-platform-commons/1.6.2/junit-platform-commons-1.6.2.jar:/home/yehidjineri/.m2/repository/org/junit/jupiter/junit-jupiter-params/5.6.2/junit-jupiter-params-5.6.2.jar:/home/yehidjineri/.m2/repository/org/junit/jupiter/junit-jupiter-engine/5.6.2/junit-jupiter-engine-5.6.2.jar:/home/yehidjineri/.m2/repository/org/junit/platform/junit-platform-engine/1.6.2/junit-platform-engine-1.6.2.jar:"/>
    <property name="sun.cpu.endian" value="little"/>
    <property name="user.home" value="/home/yehidjineri"/>
    <property name="user.language" value="en"/>
    <property name="java.specification.vendor" value="Oracle Corporation"/>
    <property name="java.version.date" value="2023-01-17"/>
    <property name="java.home" value="/usr/lib/jvm/java-17-openjdk-amd64"/>
    <property name="file.separator" value="/"/>
    <property name="basedir" value="/home/yehidjineri/Documents/M2/V&amp;V/VV-ISTIC-TP3/code/tp3-balanced-strings"/>
    <property name="java.vm.compressedOopsMode" value="32-bit"/>
    <property name="line.separator" value="&#10;"/>
    <property name="java.vm.specification.vendor" value="Oracle Corporation"/>
    <property name="java.specification.name" value="Java Platform API Specification"/>
    <property name="surefire.real.class.path" value="/home/yehidjineri/Documents/M2/V&amp;V/VV-ISTIC-TP3/code/tp3-balanced-strings/target/surefire/surefirebooter6308482445998511156.jar"/>
    <property name="sun.management.compiler" value="HotSpot 64-Bit Tiered Compilers"/>
    <property name="java.runtime.version" value="17.0.6+10-Ubuntu-0ubuntu122.04"/>
    <property name="user.name" value="yehidjineri"/>
    <property name="path.separator" value=":"/>
    <property name="os.version" value="5.19.0-35-generic"/>
    <property name="java.runtime.name" value="OpenJDK Runtime Environment"/>
    <property name="file.encoding" value="UTF-8"/>
    <property name="java.vm.name" value="OpenJDK 64-Bit Server VM"/>
    <property name="localRepository" value="/home/yehidjineri/.m2/repository"/>
    <property name="java.vendor.url.bug" value="Unknown"/>
    <property name="java.io.tmpdir" value="/tmp"/>
    <property name="java.version" value="17.0.6"/>
    <property name="user.dir" value="/home/yehidjineri/Documents/M2/V&amp;V/VV-ISTIC-TP3/code/tp3-balanced-strings"/>
    <property name="os.arch" value="amd64"/>
    <property name="java.vm.specification.name" value="Java Virtual Machine Specification"/>
    <property name="native.encoding" value="UTF-8"/>
    <property name="java.library.path" value="/usr/java/packages/lib:/usr/lib/x86_64-linux-gnu/jni:/lib/x86_64-linux-gnu:/usr/lib/x86_64-linux-gnu:/usr/lib/jni:/lib:/usr/lib"/>
    <property name="java.vm.info" value="mixed mode, sharing"/>
    <property name="java.vendor" value="Private Build"/>
    <property name="java.vm.version" value="17.0.6+10-Ubuntu-0ubuntu122.04"/>
    <property name="sun.io.unicode.encoding" value="UnicodeLittle"/>
    <property name="java.class.version" value="61.0"/>
  </properties>
  <testcase name="testIsBalanced_F10" classname="fr.istic.vv.StringUtilsTest" time="0.039"/>
  <testcase name="testIsBalanced_F11" classname="fr.istic.vv.StringUtilsTest" time="0.002"/>
  <testcase name="testIsBalanced_F12" classname="fr.istic.vv.StringUtilsTest" time="0.001"/>
  <testcase name="testIsBalanced_F1" classname="fr.istic.vv.StringUtilsTest" time="0.002"/>
  <testcase name="testIsBalanced_F2" classname="fr.istic.vv.StringUtilsTest" time="0.001"/>
  <testcase name="testIsBalanced_F3" classname="fr.istic.vv.StringUtilsTest" time="0.002"/>
  <testcase name="testIsBalanced_F4" classname="fr.istic.vv.StringUtilsTest" time="0.001"/>
  <testcase name="testIsBalanced_F5" classname="fr.istic.vv.StringUtilsTest" time="0.003"/>
  <testcase name="testIsBalanced_F6" classname="fr.istic.vv.StringUtilsTest" time="0.002"/>
  <testcase name="testIsBalanced_F7" classname="fr.istic.vv.StringUtilsTest" time="0.001"/>
  <testcase name="testIsBalanced_F8" classname="fr.istic.vv.StringUtilsTest" time="0.001"/>
  <testcase name="testIsBalanced_F9" classname="fr.istic.vv.StringUtilsTest" time="0.001"/>
  <testcase name="testIsBalanced_T1" classname="fr.istic.vv.StringUtilsTest" time="0.002"/>
  <testcase name="testIsBalanced_T2" classname="fr.istic.vv.StringUtilsTest" time="0.001"/>
  <testcase name="testIsBalanced_T3" classname="fr.istic.vv.StringUtilsTest" time="0.002"/>
  <testcase name="testIsBalanced_T4" classname="fr.istic.vv.StringUtilsTest" time="0.001"/>
  <testcase name="testIsBalanced_T5" classname="fr.istic.vv.StringUtilsTest" time="0.001"/>
  <testcase name="testIsBalanced_T6" classname="fr.istic.vv.StringUtilsTest" time="0.001"/>
</testsuite>